<?xml version="1.0" encoding="UTF-8"?>
<!-- Generated by org.testng.reporters.JUnitReportReporter -->
<testsuite hostname="Sofians-MacBook-Air.local" failures="0" tests="1" name="com.automation.bootcamp_part2_FRAMEWORK_DESIGN_Hybrid.SearchProductTest" time="7.639" errors="0" timestamp="2024-01-13T20:26:02 EST" skipped="0">
  <testcase classname="com.automation.bootcamp_part2_FRAMEWORK_DESIGN_Hybrid.SearchProductTest" name="searchProductTest" time="7.639"/>
</testsuite> <!-- com.automation.bootcamp_part2_FRAMEWORK_DESIGN_Hybrid.SearchProductTest -->
