<?xml version="1.0" encoding="UTF-8"?>
<!-- Generated by org.testng.reporters.JUnitReportReporter -->
<testsuite hostname="Sofians-MacBook-Air.local" failures="0" tests="1" name="com.automation.bootcamp_part2_FRAMEWORK_DESIGN_Hybrid.First_Framework_Problem" time="10.015" errors="0" timestamp="2023-12-17T22:26:10 EST" skipped="0">
  <testcase classname="com.automation.bootcamp_part2_FRAMEWORK_DESIGN_Hybrid.First_Framework_Problem" name="searchProductTest" time="10.015"/>
</testsuite> <!-- com.automation.bootcamp_part2_FRAMEWORK_DESIGN_Hybrid.First_Framework_Problem -->
